0 info it worked if it ends with ok
1 verbose cli [ 'C:\\Program Files\\nodejs\\node.exe',
1 verbose cli   'C:\\Program Files\\nodejs\\node_modules\\npm\\bin\\npm-cli.js',
1 verbose cli   'run',
1 verbose cli   'test' ]
2 info using npm@3.10.10
3 info using node@v6.14.4
4 verbose run-script [ 'pretest', 'test', 'posttest' ]
5 info lifecycle qs3p-js@0.4.2~pretest: qs3p-js@0.4.2
6 silly lifecycle qs3p-js@0.4.2~pretest: no script for pretest, continuing
7 info lifecycle qs3p-js@0.4.2~test: qs3p-js@0.4.2
8 verbose lifecycle qs3p-js@0.4.2~test: unsafe-perm in lifecycle true
9 verbose lifecycle qs3p-js@0.4.2~test: PATH: C:\Users\evgen\AppData\Roaming\nvm\v6.14.4\node_modules\npm\bin\node-gyp-bin;y:\qs3p-js\node_modules\.bin;C:\Program Files\Git\mingw64\bin;C:\Program Files\Git\usr\bin;C:\Users\evgen\bin;C:\Rtools\bin;C:\ProgramData\Oracle\Java\javapath;C:\WINDOWS\system32;C:\WINDOWS;C:\WINDOWS\System32\Wbem;C:\WINDOWS\System32\WindowsPowerShell\v1.0;C:\Program Files\Intel\WiFi\bin;C:\Program Files\Common Files\Intel\WirelessCommon;C:\Program Files\gs\gs9.21\bin;C:\Program Files\gs\gs9.21\lib;C:\Program Files\MATLAB\R2018a\bin;C:\WINDOWS\System32\OpenSSH;C:\Program Files\PuTTY;C:\Program Files\Git\cmd;C:\Program Files\R\R-3.5.1\bin;C:\Program Files\Git\usr\bin;C:\Users\evgen\AppData\Roaming\nvm;C:\Program Files\nodejs;C:\Program Files (x86)\Kaspersky Lab\Kaspersky Endpoint Security for Windows;C:\Program Files\Git LFS;C:\Program Files\Python37;C:\Program Files\Python37\Scripts;C:\Users\evgen\AppData\Roaming\nvm\v10.15.3\node_modules\npm\node_modules\npm-lifecycle\node-gyp-bin;C:\Program Files\nodejs\node_modules\windows-build-tools\node_modules\.bin;C:\Program Files\nodejs\node_modules\.bin;C:\Rtools\bin;C:\ProgramData\Oracle\Java\javapath;C:\WINDOWS\system32;C:\WINDOWS;C:\WINDOWS\System32\Wbem;C:\WINDOWS\System32\WindowsPowerShell\v1.0;C:\Program Files\Intel\WiFi\bin;C:\Program Files\Common Files\Intel\WirelessCommon;C:\Program Files\gs\gs9.21\bin;C:\Program Files\gs\gs9.21\lib;C:\Program Files\MATLAB\R2018a\bin;C:\WINDOWS\System32\OpenSSH;C:\Program Files\PuTTY;C:\Program Files\Git\cmd;C:\Program Files\R\R-3.5.1\bin;C:\Program Files\Git\usr\bin;C:\Users\evgen\AppData\Roaming\nvm;C:\Program Files\nodejs;C:\Program Files (x86)\Windows Kits\8.1\Windows Performance Toolkit;C:\Ruby25-x64\bin;C:\Users\evgen\AppData\Local\Microsoft\WindowsApps;C:\Users\evgen\AppData\Roaming\npm;C:\Users\evgen\AppData\Local\atom\bin;C:\Users\evgen\AppData\Local\Programs\Microsoft VS Code\bin;C:\Users\evgen\AppData\Local\Microsoft\WindowsApps
10 verbose lifecycle qs3p-js@0.4.2~test: CWD: y:\qs3p-js
11 silly lifecycle qs3p-js@0.4.2~test: Args: [ '/d /s /c', 'mocha test --recursive' ]
12 silly lifecycle qs3p-js@0.4.2~test: Returned: code: 1  signal: null
13 info lifecycle qs3p-js@0.4.2~test: Failed to exec test script
14 verbose stack Error: qs3p-js@0.4.2 test: `mocha test --recursive`
14 verbose stack Exit status 1
14 verbose stack     at EventEmitter.<anonymous> (C:\Users\evgen\AppData\Roaming\nvm\v6.14.4\node_modules\npm\lib\utils\lifecycle.js:255:16)
14 verbose stack     at emitTwo (events.js:106:13)
14 verbose stack     at EventEmitter.emit (events.js:191:7)
14 verbose stack     at ChildProcess.<anonymous> (C:\Users\evgen\AppData\Roaming\nvm\v6.14.4\node_modules\npm\lib\utils\spawn.js:40:14)
14 verbose stack     at emitTwo (events.js:106:13)
14 verbose stack     at ChildProcess.emit (events.js:191:7)
14 verbose stack     at maybeClose (internal/child_process.js:920:16)
14 verbose stack     at Process.ChildProcess._handle.onexit (internal/child_process.js:230:5)
15 verbose pkgid qs3p-js@0.4.2
16 verbose cwd y:\qs3p-js
17 error Windows_NT 10.0.18362
18 error argv "C:\\Program Files\\nodejs\\node.exe" "C:\\Program Files\\nodejs\\node_modules\\npm\\bin\\npm-cli.js" "run" "test"
19 error node v6.14.4
20 error npm  v3.10.10
21 error code ELIFECYCLE
22 error qs3p-js@0.4.2 test: `mocha test --recursive`
22 error Exit status 1
23 error Failed at the qs3p-js@0.4.2 test script 'mocha test --recursive'.
23 error Make sure you have the latest version of node.js and npm installed.
23 error If you do, this is most likely a problem with the qs3p-js package,
23 error not with npm itself.
23 error Tell the author that this fails on your system:
23 error     mocha test --recursive
23 error You can get information on how to open an issue for this project with:
23 error     npm bugs qs3p-js
23 error Or if that isn't available, you can get their info via:
23 error     npm owner ls qs3p-js
23 error There is likely additional logging output above.
24 verbose exit [ 1, true ]
